ARM GAS  /var/folders/9y/n02fl3g16gnf7ppy14xghdy80000gn/T//ccgn5z8R.s 			page 1


   1              		.cpu cortex-m4
   2              		.eabi_attribute 20, 1
   3              		.eabi_attribute 21, 1
   4              		.eabi_attribute 23, 3
   5              		.eabi_attribute 24, 1
   6              		.eabi_attribute 25, 1
   7              		.eabi_attribute 26, 1
   8              		.eabi_attribute 30, 1
   9              		.eabi_attribute 34, 1
  10              		.eabi_attribute 18, 4
  11              		.file	"stm32wlxx_ll_pwr.c"
  12              		.text
  13              	.Ltext0:
  14              		.cfi_sections	.debug_frame
  15              		.section	.text.LL_PWR_DeInit,"ax",%progbits
  16              		.align	1
  17              		.global	LL_PWR_DeInit
  18              		.arch armv7e-m
  19              		.syntax unified
  20              		.thumb
  21              		.thumb_func
  22              		.fpu softvfp
  24              	LL_PWR_DeInit:
  25              	.LFB290:
  26              		.file 1 "Drivers/STM32WLxx_HAL_Driver/Src/stm32wlxx_ll_pwr.c"
   1:Drivers/STM32WLxx_HAL_Driver/Src/stm32wlxx_ll_pwr.c **** /**
   2:Drivers/STM32WLxx_HAL_Driver/Src/stm32wlxx_ll_pwr.c ****   ******************************************************************************
   3:Drivers/STM32WLxx_HAL_Driver/Src/stm32wlxx_ll_pwr.c ****   * @file    stm32wlxx_ll_pwr.c
   4:Drivers/STM32WLxx_HAL_Driver/Src/stm32wlxx_ll_pwr.c ****   * @author  MCD Application Team
   5:Drivers/STM32WLxx_HAL_Driver/Src/stm32wlxx_ll_pwr.c ****   * @brief   PWR LL module driver.
   6:Drivers/STM32WLxx_HAL_Driver/Src/stm32wlxx_ll_pwr.c ****   ******************************************************************************
   7:Drivers/STM32WLxx_HAL_Driver/Src/stm32wlxx_ll_pwr.c ****   * @attention
   8:Drivers/STM32WLxx_HAL_Driver/Src/stm32wlxx_ll_pwr.c ****   *
   9:Drivers/STM32WLxx_HAL_Driver/Src/stm32wlxx_ll_pwr.c ****   * Copyright (c) 2020 STMicroelectronics.
  10:Drivers/STM32WLxx_HAL_Driver/Src/stm32wlxx_ll_pwr.c ****   * All rights reserved.
  11:Drivers/STM32WLxx_HAL_Driver/Src/stm32wlxx_ll_pwr.c ****   *
  12:Drivers/STM32WLxx_HAL_Driver/Src/stm32wlxx_ll_pwr.c ****   * This software is licensed under terms that can be found in the LICENSE file
  13:Drivers/STM32WLxx_HAL_Driver/Src/stm32wlxx_ll_pwr.c ****   * in the root directory of this software component.
  14:Drivers/STM32WLxx_HAL_Driver/Src/stm32wlxx_ll_pwr.c ****   * If no LICENSE file comes with this software, it is provided AS-IS.
  15:Drivers/STM32WLxx_HAL_Driver/Src/stm32wlxx_ll_pwr.c ****   *
  16:Drivers/STM32WLxx_HAL_Driver/Src/stm32wlxx_ll_pwr.c ****   ******************************************************************************
  17:Drivers/STM32WLxx_HAL_Driver/Src/stm32wlxx_ll_pwr.c ****   */
  18:Drivers/STM32WLxx_HAL_Driver/Src/stm32wlxx_ll_pwr.c **** #if defined(USE_FULL_LL_DRIVER)
  19:Drivers/STM32WLxx_HAL_Driver/Src/stm32wlxx_ll_pwr.c **** 
  20:Drivers/STM32WLxx_HAL_Driver/Src/stm32wlxx_ll_pwr.c **** /* Includes ------------------------------------------------------------------*/
  21:Drivers/STM32WLxx_HAL_Driver/Src/stm32wlxx_ll_pwr.c **** #include "stm32wlxx_ll_pwr.h"
  22:Drivers/STM32WLxx_HAL_Driver/Src/stm32wlxx_ll_pwr.c **** #include "stm32wlxx_ll_bus.h"
  23:Drivers/STM32WLxx_HAL_Driver/Src/stm32wlxx_ll_pwr.c **** 
  24:Drivers/STM32WLxx_HAL_Driver/Src/stm32wlxx_ll_pwr.c **** /** @addtogroup STM32WLxx_LL_Driver
  25:Drivers/STM32WLxx_HAL_Driver/Src/stm32wlxx_ll_pwr.c ****   * @{
  26:Drivers/STM32WLxx_HAL_Driver/Src/stm32wlxx_ll_pwr.c ****   */
  27:Drivers/STM32WLxx_HAL_Driver/Src/stm32wlxx_ll_pwr.c **** 
  28:Drivers/STM32WLxx_HAL_Driver/Src/stm32wlxx_ll_pwr.c **** #if defined(PWR)
  29:Drivers/STM32WLxx_HAL_Driver/Src/stm32wlxx_ll_pwr.c **** 
  30:Drivers/STM32WLxx_HAL_Driver/Src/stm32wlxx_ll_pwr.c **** /** @defgroup PWR_LL PWR
  31:Drivers/STM32WLxx_HAL_Driver/Src/stm32wlxx_ll_pwr.c ****   * @{
  32:Drivers/STM32WLxx_HAL_Driver/Src/stm32wlxx_ll_pwr.c ****   */
ARM GAS  /var/folders/9y/n02fl3g16gnf7ppy14xghdy80000gn/T//ccgn5z8R.s 			page 2


  33:Drivers/STM32WLxx_HAL_Driver/Src/stm32wlxx_ll_pwr.c **** 
  34:Drivers/STM32WLxx_HAL_Driver/Src/stm32wlxx_ll_pwr.c **** /* Private types -------------------------------------------------------------*/
  35:Drivers/STM32WLxx_HAL_Driver/Src/stm32wlxx_ll_pwr.c **** /* Private variables ---------------------------------------------------------*/
  36:Drivers/STM32WLxx_HAL_Driver/Src/stm32wlxx_ll_pwr.c **** /* Private constants ---------------------------------------------------------*/
  37:Drivers/STM32WLxx_HAL_Driver/Src/stm32wlxx_ll_pwr.c **** 
  38:Drivers/STM32WLxx_HAL_Driver/Src/stm32wlxx_ll_pwr.c **** /** @addtogroup PWR_LL_Private_Constants PWR Private Constants
  39:Drivers/STM32WLxx_HAL_Driver/Src/stm32wlxx_ll_pwr.c ****   * @{
  40:Drivers/STM32WLxx_HAL_Driver/Src/stm32wlxx_ll_pwr.c ****   */
  41:Drivers/STM32WLxx_HAL_Driver/Src/stm32wlxx_ll_pwr.c **** /* Definitions of PWR registers reset value */
  42:Drivers/STM32WLxx_HAL_Driver/Src/stm32wlxx_ll_pwr.c **** #define PWR_CR1_RESET_VALUE   (0x00000200)
  43:Drivers/STM32WLxx_HAL_Driver/Src/stm32wlxx_ll_pwr.c **** #define PWR_CR2_RESET_VALUE   (0x00000000)
  44:Drivers/STM32WLxx_HAL_Driver/Src/stm32wlxx_ll_pwr.c **** #define PWR_CR3_RESET_VALUE   (PWR_CR3_EIWUL)
  45:Drivers/STM32WLxx_HAL_Driver/Src/stm32wlxx_ll_pwr.c **** #define PWR_CR4_RESET_VALUE   (0x00000000)
  46:Drivers/STM32WLxx_HAL_Driver/Src/stm32wlxx_ll_pwr.c **** #define PWR_CR5_RESET_VALUE   (0x00000000)
  47:Drivers/STM32WLxx_HAL_Driver/Src/stm32wlxx_ll_pwr.c **** #define PWR_PUCRA_RESET_VALUE (0x00000000)
  48:Drivers/STM32WLxx_HAL_Driver/Src/stm32wlxx_ll_pwr.c **** #define PWR_PDCRA_RESET_VALUE (0x00000000)
  49:Drivers/STM32WLxx_HAL_Driver/Src/stm32wlxx_ll_pwr.c **** #define PWR_PUCRB_RESET_VALUE (0x00000000)
  50:Drivers/STM32WLxx_HAL_Driver/Src/stm32wlxx_ll_pwr.c **** #define PWR_PDCRB_RESET_VALUE (0x00000000)
  51:Drivers/STM32WLxx_HAL_Driver/Src/stm32wlxx_ll_pwr.c **** #define PWR_PUCRC_RESET_VALUE (0x00000000)
  52:Drivers/STM32WLxx_HAL_Driver/Src/stm32wlxx_ll_pwr.c **** #define PWR_PDCRC_RESET_VALUE (0x00000000)
  53:Drivers/STM32WLxx_HAL_Driver/Src/stm32wlxx_ll_pwr.c **** #define PWR_PUCRH_RESET_VALUE (0x00000000)
  54:Drivers/STM32WLxx_HAL_Driver/Src/stm32wlxx_ll_pwr.c **** #define PWR_PDCRH_RESET_VALUE (0x00000000)
  55:Drivers/STM32WLxx_HAL_Driver/Src/stm32wlxx_ll_pwr.c **** #if defined(DUAL_CORE)
  56:Drivers/STM32WLxx_HAL_Driver/Src/stm32wlxx_ll_pwr.c **** #define PWR_C2CR1_RESET_VALUE (PWR_C2CR1_LPMS_2 | PWR_C2CR1_LPMS_1 | PWR_C2CR1_LPMS_0)
  57:Drivers/STM32WLxx_HAL_Driver/Src/stm32wlxx_ll_pwr.c **** #define PWR_C2CR3_RESET_VALUE (0x00000000)
  58:Drivers/STM32WLxx_HAL_Driver/Src/stm32wlxx_ll_pwr.c **** #endif
  59:Drivers/STM32WLxx_HAL_Driver/Src/stm32wlxx_ll_pwr.c **** /**
  60:Drivers/STM32WLxx_HAL_Driver/Src/stm32wlxx_ll_pwr.c ****   * @}
  61:Drivers/STM32WLxx_HAL_Driver/Src/stm32wlxx_ll_pwr.c ****   */
  62:Drivers/STM32WLxx_HAL_Driver/Src/stm32wlxx_ll_pwr.c **** 
  63:Drivers/STM32WLxx_HAL_Driver/Src/stm32wlxx_ll_pwr.c **** /* Private macros ------------------------------------------------------------*/
  64:Drivers/STM32WLxx_HAL_Driver/Src/stm32wlxx_ll_pwr.c **** /* Private function prototypes -----------------------------------------------*/
  65:Drivers/STM32WLxx_HAL_Driver/Src/stm32wlxx_ll_pwr.c **** 
  66:Drivers/STM32WLxx_HAL_Driver/Src/stm32wlxx_ll_pwr.c **** /* Exported functions --------------------------------------------------------*/
  67:Drivers/STM32WLxx_HAL_Driver/Src/stm32wlxx_ll_pwr.c **** /** @addtogroup PWR_LL_Exported_Functions
  68:Drivers/STM32WLxx_HAL_Driver/Src/stm32wlxx_ll_pwr.c ****   * @{
  69:Drivers/STM32WLxx_HAL_Driver/Src/stm32wlxx_ll_pwr.c ****   */
  70:Drivers/STM32WLxx_HAL_Driver/Src/stm32wlxx_ll_pwr.c **** 
  71:Drivers/STM32WLxx_HAL_Driver/Src/stm32wlxx_ll_pwr.c **** /** @addtogroup PWR_LL_EF_Init
  72:Drivers/STM32WLxx_HAL_Driver/Src/stm32wlxx_ll_pwr.c ****   * @{
  73:Drivers/STM32WLxx_HAL_Driver/Src/stm32wlxx_ll_pwr.c ****   */
  74:Drivers/STM32WLxx_HAL_Driver/Src/stm32wlxx_ll_pwr.c **** 
  75:Drivers/STM32WLxx_HAL_Driver/Src/stm32wlxx_ll_pwr.c **** /**
  76:Drivers/STM32WLxx_HAL_Driver/Src/stm32wlxx_ll_pwr.c ****   * @brief  De-initialize the PWR registers to their default reset values.
  77:Drivers/STM32WLxx_HAL_Driver/Src/stm32wlxx_ll_pwr.c ****   * @retval An ErrorStatus enumeration value:
  78:Drivers/STM32WLxx_HAL_Driver/Src/stm32wlxx_ll_pwr.c ****   *          - SUCCESS: PWR registers are de-initialized
  79:Drivers/STM32WLxx_HAL_Driver/Src/stm32wlxx_ll_pwr.c ****   *          - ERROR: not applicable
  80:Drivers/STM32WLxx_HAL_Driver/Src/stm32wlxx_ll_pwr.c ****   */
  81:Drivers/STM32WLxx_HAL_Driver/Src/stm32wlxx_ll_pwr.c **** ErrorStatus LL_PWR_DeInit(void)
  82:Drivers/STM32WLxx_HAL_Driver/Src/stm32wlxx_ll_pwr.c **** {
  27              		.loc 1 82 1 view -0
  28              		.cfi_startproc
  29              		@ args = 0, pretend = 0, frame = 0
  30              		@ frame_needed = 0, uses_anonymous_args = 0
  31              		@ link register save eliminated.
  83:Drivers/STM32WLxx_HAL_Driver/Src/stm32wlxx_ll_pwr.c ****   /* Apply reset values to all PWR registers */
  84:Drivers/STM32WLxx_HAL_Driver/Src/stm32wlxx_ll_pwr.c ****   LL_PWR_WriteReg(CR1, PWR_CR1_RESET_VALUE);
ARM GAS  /var/folders/9y/n02fl3g16gnf7ppy14xghdy80000gn/T//ccgn5z8R.s 			page 3


  32              		.loc 1 84 3 view .LVU1
  33 0000 0C4B     		ldr	r3, .L2
  34 0002 4FF40072 		mov	r2, #512
  35 0006 1A60     		str	r2, [r3]
  85:Drivers/STM32WLxx_HAL_Driver/Src/stm32wlxx_ll_pwr.c ****   LL_PWR_WriteReg(CR2, PWR_CR2_RESET_VALUE);
  36              		.loc 1 85 3 view .LVU2
  37 0008 0022     		movs	r2, #0
  38 000a 5A60     		str	r2, [r3, #4]
  86:Drivers/STM32WLxx_HAL_Driver/Src/stm32wlxx_ll_pwr.c ****   LL_PWR_WriteReg(CR3, PWR_CR3_RESET_VALUE);
  39              		.loc 1 86 3 view .LVU3
  40 000c 4FF40041 		mov	r1, #32768
  41 0010 9960     		str	r1, [r3, #8]
  87:Drivers/STM32WLxx_HAL_Driver/Src/stm32wlxx_ll_pwr.c ****   LL_PWR_WriteReg(CR4, PWR_CR4_RESET_VALUE);
  42              		.loc 1 87 3 view .LVU4
  43 0012 DA60     		str	r2, [r3, #12]
  88:Drivers/STM32WLxx_HAL_Driver/Src/stm32wlxx_ll_pwr.c ****   LL_PWR_WriteReg(CR5, PWR_CR5_RESET_VALUE);
  44              		.loc 1 88 3 view .LVU5
  45 0014 DA61     		str	r2, [r3, #28]
  89:Drivers/STM32WLxx_HAL_Driver/Src/stm32wlxx_ll_pwr.c ****   LL_PWR_WriteReg(PUCRA, PWR_PUCRA_RESET_VALUE);
  46              		.loc 1 89 3 view .LVU6
  47 0016 1A62     		str	r2, [r3, #32]
  90:Drivers/STM32WLxx_HAL_Driver/Src/stm32wlxx_ll_pwr.c ****   LL_PWR_WriteReg(PDCRA, PWR_PDCRA_RESET_VALUE);
  48              		.loc 1 90 3 view .LVU7
  49 0018 5A62     		str	r2, [r3, #36]
  91:Drivers/STM32WLxx_HAL_Driver/Src/stm32wlxx_ll_pwr.c ****   LL_PWR_WriteReg(PUCRB, PWR_PUCRB_RESET_VALUE);
  50              		.loc 1 91 3 view .LVU8
  51 001a 9A62     		str	r2, [r3, #40]
  92:Drivers/STM32WLxx_HAL_Driver/Src/stm32wlxx_ll_pwr.c ****   LL_PWR_WriteReg(PDCRB, PWR_PDCRB_RESET_VALUE);
  52              		.loc 1 92 3 view .LVU9
  53 001c DA62     		str	r2, [r3, #44]
  93:Drivers/STM32WLxx_HAL_Driver/Src/stm32wlxx_ll_pwr.c ****   LL_PWR_WriteReg(PUCRC, PWR_PUCRC_RESET_VALUE);
  54              		.loc 1 93 3 view .LVU10
  55 001e 1A63     		str	r2, [r3, #48]
  94:Drivers/STM32WLxx_HAL_Driver/Src/stm32wlxx_ll_pwr.c ****   LL_PWR_WriteReg(PDCRC, PWR_PDCRC_RESET_VALUE);
  56              		.loc 1 94 3 view .LVU11
  57 0020 5A63     		str	r2, [r3, #52]
  95:Drivers/STM32WLxx_HAL_Driver/Src/stm32wlxx_ll_pwr.c ****   LL_PWR_WriteReg(PUCRH, PWR_PUCRH_RESET_VALUE);
  58              		.loc 1 95 3 view .LVU12
  59 0022 9A65     		str	r2, [r3, #88]
  96:Drivers/STM32WLxx_HAL_Driver/Src/stm32wlxx_ll_pwr.c ****   LL_PWR_WriteReg(PDCRH, PWR_PDCRH_RESET_VALUE);
  60              		.loc 1 96 3 view .LVU13
  61 0024 DA65     		str	r2, [r3, #92]
  97:Drivers/STM32WLxx_HAL_Driver/Src/stm32wlxx_ll_pwr.c **** #ifdef CORE_CM0PLUS
  98:Drivers/STM32WLxx_HAL_Driver/Src/stm32wlxx_ll_pwr.c ****   LL_PWR_WriteReg(C2CR1, PWR_C2CR1_RESET_VALUE);
  99:Drivers/STM32WLxx_HAL_Driver/Src/stm32wlxx_ll_pwr.c ****   LL_PWR_WriteReg(C2CR3, PWR_C2CR3_RESET_VALUE);
 100:Drivers/STM32WLxx_HAL_Driver/Src/stm32wlxx_ll_pwr.c **** #endif
 101:Drivers/STM32WLxx_HAL_Driver/Src/stm32wlxx_ll_pwr.c **** 
 102:Drivers/STM32WLxx_HAL_Driver/Src/stm32wlxx_ll_pwr.c ****   /* Clear all flags */
 103:Drivers/STM32WLxx_HAL_Driver/Src/stm32wlxx_ll_pwr.c **** #if defined(DUAL_CORE)
 104:Drivers/STM32WLxx_HAL_Driver/Src/stm32wlxx_ll_pwr.c ****   LL_PWR_WriteReg(SCR,
 105:Drivers/STM32WLxx_HAL_Driver/Src/stm32wlxx_ll_pwr.c ****                   LL_PWR_SCR_CWUF
 106:Drivers/STM32WLxx_HAL_Driver/Src/stm32wlxx_ll_pwr.c ****                   | LL_PWR_SCR_CWRFBUSYF
 107:Drivers/STM32WLxx_HAL_Driver/Src/stm32wlxx_ll_pwr.c ****                   | LL_PWR_SCR_CWPVDF
 108:Drivers/STM32WLxx_HAL_Driver/Src/stm32wlxx_ll_pwr.c ****                   | LL_PWR_SCR_CC2HF
 109:Drivers/STM32WLxx_HAL_Driver/Src/stm32wlxx_ll_pwr.c ****                  );
 110:Drivers/STM32WLxx_HAL_Driver/Src/stm32wlxx_ll_pwr.c **** #else
 111:Drivers/STM32WLxx_HAL_Driver/Src/stm32wlxx_ll_pwr.c ****   LL_PWR_WriteReg(SCR,
ARM GAS  /var/folders/9y/n02fl3g16gnf7ppy14xghdy80000gn/T//ccgn5z8R.s 			page 4


  62              		.loc 1 111 3 view .LVU14
  63 0026 40F60712 		movw	r2, #2311
  64 002a 9A61     		str	r2, [r3, #24]
 112:Drivers/STM32WLxx_HAL_Driver/Src/stm32wlxx_ll_pwr.c ****                   LL_PWR_SCR_CWUF
 113:Drivers/STM32WLxx_HAL_Driver/Src/stm32wlxx_ll_pwr.c ****                   | LL_PWR_SCR_CWRFBUSYF
 114:Drivers/STM32WLxx_HAL_Driver/Src/stm32wlxx_ll_pwr.c ****                   | LL_PWR_SCR_CWPVDF
 115:Drivers/STM32WLxx_HAL_Driver/Src/stm32wlxx_ll_pwr.c ****                  );
 116:Drivers/STM32WLxx_HAL_Driver/Src/stm32wlxx_ll_pwr.c **** #endif
 117:Drivers/STM32WLxx_HAL_Driver/Src/stm32wlxx_ll_pwr.c **** 
 118:Drivers/STM32WLxx_HAL_Driver/Src/stm32wlxx_ll_pwr.c **** #ifdef CORE_CM0PLUS
 119:Drivers/STM32WLxx_HAL_Driver/Src/stm32wlxx_ll_pwr.c ****   LL_PWR_WriteReg(EXTSCR,
 120:Drivers/STM32WLxx_HAL_Driver/Src/stm32wlxx_ll_pwr.c ****                   LL_PWR_EXTSCR_C2CSSF
 121:Drivers/STM32WLxx_HAL_Driver/Src/stm32wlxx_ll_pwr.c ****                  );
 122:Drivers/STM32WLxx_HAL_Driver/Src/stm32wlxx_ll_pwr.c **** #else
 123:Drivers/STM32WLxx_HAL_Driver/Src/stm32wlxx_ll_pwr.c ****   LL_PWR_WriteReg(EXTSCR,
  65              		.loc 1 123 3 view .LVU15
  66 002c 0120     		movs	r0, #1
  67 002e C3F88800 		str	r0, [r3, #136]
 124:Drivers/STM32WLxx_HAL_Driver/Src/stm32wlxx_ll_pwr.c ****                   LL_PWR_EXTSCR_C1CSSF
 125:Drivers/STM32WLxx_HAL_Driver/Src/stm32wlxx_ll_pwr.c ****                  );
 126:Drivers/STM32WLxx_HAL_Driver/Src/stm32wlxx_ll_pwr.c **** #endif
 127:Drivers/STM32WLxx_HAL_Driver/Src/stm32wlxx_ll_pwr.c **** 
 128:Drivers/STM32WLxx_HAL_Driver/Src/stm32wlxx_ll_pwr.c ****   return SUCCESS;
  68              		.loc 1 128 3 view .LVU16
 129:Drivers/STM32WLxx_HAL_Driver/Src/stm32wlxx_ll_pwr.c **** }
  69              		.loc 1 129 1 is_stmt 0 view .LVU17
  70 0032 7047     		bx	lr
  71              	.L3:
  72              		.align	2
  73              	.L2:
  74 0034 00040058 		.word	1476396032
  75              		.cfi_endproc
  76              	.LFE290:
  78              		.text
  79              	.Letext0:
  80              		.file 2 "/opt/homebrew/Cellar/arm-none-eabi-gcc/10.3-2021.07/gcc/arm-none-eabi/include/machine/_de
  81              		.file 3 "/opt/homebrew/Cellar/arm-none-eabi-gcc/10.3-2021.07/gcc/arm-none-eabi/include/sys/_stdint
  82              		.file 4 "Drivers/CMSIS/Device/ST/STM32WLxx/Include/stm32wle5xx.h"
  83              		.file 5 "Drivers/CMSIS/Device/ST/STM32WLxx/Include/stm32wlxx.h"
ARM GAS  /var/folders/9y/n02fl3g16gnf7ppy14xghdy80000gn/T//ccgn5z8R.s 			page 5


DEFINED SYMBOLS
                            *ABS*:0000000000000000 stm32wlxx_ll_pwr.c
/var/folders/9y/n02fl3g16gnf7ppy14xghdy80000gn/T//ccgn5z8R.s:16     .text.LL_PWR_DeInit:0000000000000000 $t
/var/folders/9y/n02fl3g16gnf7ppy14xghdy80000gn/T//ccgn5z8R.s:24     .text.LL_PWR_DeInit:0000000000000000 LL_PWR_DeInit
/var/folders/9y/n02fl3g16gnf7ppy14xghdy80000gn/T//ccgn5z8R.s:74     .text.LL_PWR_DeInit:0000000000000034 $d

NO UNDEFINED SYMBOLS
